modules/NetworkGuard/build/intermediates/manifest_merge_blame_file/release/processReleaseMainManifest/manifest-merger-blame-release-report.txt
1<?xml version="1.0" encoding="utf-8"?>
2<manifest xmlns:android="http://schemas.android.com/apk/res/android"
3    package="com.wobbz.module.networkguard"
4    android:versionCode="1"
5    android:versionName="1.0.0" >
6
7    <uses-sdk
8        android:minSdkVersion="31"
9        android:targetSdkVersion="35" />
10
11    <!-- Permissions needed for network monitoring -->
12    <uses-permission android:name="android.permission.INTERNET" />
12-->src/main/AndroidManifest.xml:5:5-67
12-->src/main/AndroidManifest.xml:5:22-64
13    <uses-permission android:name="android.permission.ACCESS_NETWORK_STATE" />
13-->src/main/AndroidManifest.xml:6:5-79
13-->src/main/AndroidManifest.xml:6:22-76
14
15    <permission
15-->[androidx.core:core:1.9.0] AndroidManifest.xml:22:5-24:47
16        android:name="com.wobbz.module.networkguard.DYNAMIC_RECEIVER_NOT_EXPORTED_PERMISSION"
16-->[androidx.core:core:1.9.0] AndroidManifest.xml:23:9-81
17        android:protectionLevel="signature" />
17-->[androidx.core:core:1.9.0] AndroidManifest.xml:24:9-44
18
19    <uses-permission android:name="com.wobbz.module.networkguard.DYNAMIC_RECEIVER_NOT_EXPORTED_PERMISSION" />
19-->[androidx.core:core:1.9.0] AndroidManifest.xml:26:5-97
19-->[androidx.core:core:1.9.0] AndroidManifest.xml:26:22-94
20
21    <application
21-->src/main/AndroidManifest.xml:8:5-40:19
22        android:allowBackup="true"
22-->src/main/AndroidManifest.xml:12:9-35
23        android:appComponentFactory="androidx.core.app.CoreComponentFactory"
23-->[androidx.core:core:1.9.0] AndroidManifest.xml:28:18-86
24        android:extractNativeLibs="false"
25        android:icon="@mipmap/ic_launcher"
25-->src/main/AndroidManifest.xml:10:9-43
26        android:label="@string/app_name"
26-->src/main/AndroidManifest.xml:9:9-41
27        android:theme="@android:style/Theme.DeviceDefault" >
27-->src/main/AndroidManifest.xml:11:9-59
28
29        <!-- Main launcher activity for settings -->
30        <activity
30-->src/main/AndroidManifest.xml:15:9-24:20
31            android:name="com.wobbz.module.networkguard.MainActivity"
31-->src/main/AndroidManifest.xml:16:13-41
32            android:exported="true"
32-->src/main/AndroidManifest.xml:17:13-36
33            android:label="@string/app_name"
33-->src/main/AndroidManifest.xml:18:13-45
34            android:theme="@android:style/Theme.DeviceDefault.Settings" >
34-->src/main/AndroidManifest.xml:19:13-72
35            <intent-filter>
35-->src/main/AndroidManifest.xml:20:13-23:29
36                <action android:name="android.intent.action.MAIN" />
36-->src/main/AndroidManifest.xml:21:17-69
36-->src/main/AndroidManifest.xml:21:25-66
37
38                <category android:name="android.intent.category.LAUNCHER" />
38-->src/main/AndroidManifest.xml:22:17-77
38-->src/main/AndroidManifest.xml:22:27-74
39            </intent-filter>
40        </activity>
41
42        <!-- LSPosed module metadata -->
43        <meta-data
43-->src/main/AndroidManifest.xml:27:9-29:36
44            android:name="xposedmodule"
44-->src/main/AndroidManifest.xml:28:13-40
45            android:value="true" />
45-->src/main/AndroidManifest.xml:29:13-33
46        <meta-data
46-->src/main/AndroidManifest.xml:30:9-32:71
47            android:name="xposeddescription"
47-->src/main/AndroidManifest.xml:31:13-45
48            android:value="Network traffic monitoring and blocking" />
48-->src/main/AndroidManifest.xml:32:13-68
49        <meta-data
49-->src/main/AndroidManifest.xml:33:9-35:34
50            android:name="xposedminversion"
50-->src/main/AndroidManifest.xml:34:13-44
51            android:value="93" />
51-->src/main/AndroidManifest.xml:35:13-31
52        <meta-data
52-->src/main/AndroidManifest.xml:36:9-38:54
53            android:name="xposedscope"
53-->src/main/AndroidManifest.xml:37:13-39
54            android:resource="@array/xposed_scope" />
54-->src/main/AndroidManifest.xml:38:13-51
55
56        <provider
56-->[androidx.emoji2:emoji2:1.2.0] AndroidManifest.xml:24:9-32:20
57            android:name="androidx.startup.InitializationProvider"
57-->[androidx.emoji2:emoji2:1.2.0] AndroidManifest.xml:25:13-67
58            android:authorities="com.wobbz.module.networkguard.androidx-startup"
58-->[androidx.emoji2:emoji2:1.2.0] AndroidManifest.xml:26:13-68
59            android:exported="false" >
59-->[androidx.emoji2:emoji2:1.2.0] AndroidManifest.xml:27:13-37
60            <meta-data
60-->[androidx.emoji2:emoji2:1.2.0] AndroidManifest.xml:29:13-31:52
61                android:name="androidx.emoji2.text.EmojiCompatInitializer"
61-->[androidx.emoji2:emoji2:1.2.0] AndroidManifest.xml:30:17-75
62                android:value="androidx.startup" />
62-->[androidx.emoji2:emoji2:1.2.0] AndroidManifest.xml:31:17-49
63            <meta-data
63-->[androidx.lifecycle:lifecycle-process:2.4.1] AndroidManifest.xml:31:13-33:52
64                android:name="androidx.lifecycle.ProcessLifecycleInitializer"
64-->[androidx.lifecycle:lifecycle-process:2.4.1] AndroidManifest.xml:32:17-78
65                android:value="androidx.startup" />
65-->[androidx.lifecycle:lifecycle-process:2.4.1] AndroidManifest.xml:33:17-49
66        </provider>
67
68        <uses-library
68-->[androidx.window:window:1.0.0] AndroidManifest.xml:25:9-27:40
69            android:name="androidx.window.extensions"
69-->[androidx.window:window:1.0.0] AndroidManifest.xml:26:13-54
70            android:required="false" />
70-->[androidx.window:window:1.0.0] AndroidManifest.xml:27:13-37
71        <uses-library
71-->[androidx.window:window:1.0.0] AndroidManifest.xml:28:9-30:40
72            android:name="androidx.window.sidecar"
72-->[androidx.window:window:1.0.0] AndroidManifest.xml:29:13-51
73            android:required="false" />
73-->[androidx.window:window:1.0.0] AndroidManifest.xml:30:13-37
74    </application>
75
76</manifest>